  Using 'git status' to determine working set for adaptive non-unity build (D:\LSH\Unreal\backup\DsuSoul).
  Creating makefile for SoulEditor (.uproject file is newer)
UnrealBuildTool : warning : Couldn't parse '<<<<<<< Updated upstream' in UnrealBuildTool.ConfigFileSection of D:\LSH\Unreal\backup\DsuSoul\Soul\Config\DefaultEngine.ini
UnrealBuildTool : warning : Couldn't parse '=======' in UnrealBuildTool.ConfigFileSection of D:\LSH\Unreal\backup\DsuSoul\Soul\Config\DefaultEngine.ini
UnrealBuildTool : warning : Couldn't parse '>>>>>>> Stashed changes' in UnrealBuildTool.ConfigFileSection of D:\LSH\Unreal\backup\DsuSoul\Soul\Config\DefaultEngine.ini
UnrealBuildTool : warning : Couldn't parse '<<<<<<< Updated upstream' in UnrealBuildTool.ConfigFileSection of D:\LSH\Unreal\backup\DsuSoul\Soul\Config\DefaultEngine.ini
  Parsing headers for SoulEditor
    Running UnrealHeaderTool "D:\LSH\Unreal\backup\DsuSoul\Soul\Soul.uproject" "D:\LSH\Unreal\backup\DsuSoul\Soul\Intermediate\Build\Win64\SoulEditor\Development\SoulEditor.uhtmanifest" -LogCmds="loginit warning, logexit warning, logdatabase error" -Unattended -WarningsAsErrors -installed
  Reflection code generated for SoulEditor in 8.7050378 seconds
  Using Visual Studio 2017 14.16.27023 toolchain (D:\VisualStudio\VC\Tools\MSVC\14.16.27023) and Windows 10.0.16299.0 SDK (D:\Windows Kits\10).
  Distributing 53 actions to XGE
  --------------------Build System Warning---------------------------------------
  License is invalid:
      License information is invalid. Please try reloading your license file using the Coordinator Monitor application on the Coordinator machine, or reinstall IncrediBuild.
      This build will run in standalone mode.
  
  -------------------------------------------------------------------------------
  --------------------Project: Default-------------------------------------------
  SharedPCH.Engine.cpp (0:29.15 at +0:00)
  Angel_InstallTrigger.cpp (0:03.50 at +0:29)
  AnyCustomData.cpp (0:00.45 at +0:32)
  BTService_Detect.cpp (0:04.78 at +0:33)
  BTTask_FindPatrolPos.cpp (0:04.96 at +0:37)
  CCirQueue.cpp (0:03.35 at +0:42)
  Client.cpp (0:04.23 at +0:46)
  DevilAnimInstance.cpp (0:03.34 at +0:50)
  DevilCharacter.cpp (0:03.62 at +0:53)
  Soul_GameMode.cpp (0:03.50 at +0:57)
  AngelAnimInstance.cpp (0:03.18 at +1:00)
  AngelCharacter.cpp (0:03.26 at +1:04)
  Devil_ContractDoc.cpp (0:03.23 at +1:07)
  HUD_Human.cpp (0:06.43 at +1:10)
  HumanAnimInstance.cpp (0:03.23 at +1:17)
  HumanCharacter.cpp (0:03.43 at +1:20)
  HumanWeapon.cpp (0:03.12 at +1:23)
  HumanWeaponBullet.cpp (0:03.23 at +1:26)
  Human_PaustSoulCase.cpp (0:03.36 at +1:30)
  Human_PaustSoulPiece.cpp (0:03.21 at +1:33)
  MyAIController.cpp (0:04.98 at +1:36)
  Soul.cpp (0:03.00 at +1:41)
  HUD_Angel.cpp (0:06.00 at +1:44)
  HUD_Devil.cpp (0:03.14 at +1:50)
  AngelAnimInstance.gen.cpp (0:03.37 at +1:53)
  DevilWeaponBullet.cpp (0:03.28 at +1:57)
  AngelCharacter.gen.cpp (0:03.12 at +2:00)
  AnyCustomData.gen.cpp (0:00.76 at +2:03)
  BTService_Detect.gen.cpp (0:03.96 at +2:04)
  BTTask_FindPatrolPos.gen.cpp (0:01.48 at +2:08)
  Client.gen.cpp (0:03.37 at +2:09)
  DevilAnimInstance.gen.cpp (0:03.18 at +2:13)
  DevilCharacter.gen.cpp (0:03.06 at +2:16)
  DevilWeaponBullet.gen.cpp (0:03.11 at +2:19)
  Devil_ContractDoc.gen.cpp (0:03.09 at +2:22)
  HUD_Angel.gen.cpp (0:03.20 at +2:25)
  Soul_UserController.cpp (0:06.01 at +2:28)
  Angel_InstallTrigger.gen.cpp (0:03.09 at +2:34)
  HUD_Devil.gen.cpp (0:03.14 at +2:37)
  HumanCharacter.gen.cpp (0:03.14 at +2:41)
  HumanWeapon.gen.cpp (0:03.23 at +2:44)
  HumanWeaponBullet.gen.cpp (0:03.23 at +2:47)
  Human_PaustSoulCase.gen.cpp (0:03.07 at +2:50)
  Human_PaustSoulPiece.gen.cpp (0:03.20 at +2:53)
  MyAIController.gen.cpp (0:03.78 at +2:57)
  Soul.init.gen.cpp (0:00.51 at +3:00)
  Soul_GameMode.gen.cpp (0:03.26 at +3:01)
  Soul_UserController.gen.cpp (0:03.26 at +3:04)
  HUD_Human.gen.cpp (0:03.28 at +3:07)
  HumanAnimInstance.gen.cpp (0:03.57 at +3:11)
  UE4Editor-Soul-0013.dll (0:04.14 at +3:14)
     D:\LSH\Unreal\backup\DsuSoul\Soul\Intermediate\Build\Win64\UE4Editor\Development\Soul\UE4Editor-Soul-0013.suppressed.lib 라이브러리 및 D:\LSH\Unreal\backup\DsuSoul\Soul\Intermediate\Build\Win64\UE4Editor\Development\Soul\UE4Editor-Soul-0013.suppressed.exp 개체를 생성하고 있습니다.
  UE4Editor-Soul-0013.lib (0:00.26 at +3:18)
     D:\LSH\Unreal\backup\DsuSoul\Soul\Intermediate\Build\Win64\UE4Editor\Development\Soul\UE4Editor-Soul-0013.lib 라이브러리 및 D:\LSH\Unreal\backup\DsuSoul\Soul\Intermediate\Build\Win64\UE4Editor\Development\Soul\UE4Editor-Soul-0013.exp 개체를 생성하고 있습니다.
  SoulEditor.target (0:00.29 at +3:19)
  ---------------------- Done ----------------------
  
      Rebuild All: 1 succeeded, 0 failed, 0 skipped
  
  1 build system warning(s):
     - License is invalid
  
  Total time in XGE executor: 200.04 seconds
  Total execution time: 212.46 seconds
